<?xml version="1.0" ?>
<coverage branch-rate="0" branches-covered="0" branches-valid="0" complexity="0" line-rate="0.7949" lines-covered="3828" lines-valid="4816" timestamp="1551266821116" version="4.5.2">
  <!-- Generated by coverage.py: https://coverage.readthedocs.io -->
  <!-- Based on https://raw.githubusercontent.com/cobertura/web/master/htdocs/xml/coverage-04.dtd -->
  <sources>
    <source>/Users/sanket/Code/deepsource/asgard</source>
  </sources>
  <packages>
    <package branch-rate="0" complexity="0" line-rate="0.8889" name="api">
      <classes>
        <class branch-rate="0" complexity="0" filename="api/__init__.py" line-rate="1" name="__init__.py">
          <methods/>
          <lines/>
        </class>
        <class branch-rate="0" complexity="0" filename="api/apps.py" line-rate="1" name="apps.py">
          <methods/>
          <lines>
            <line hits="1" number="1"/>
            <line hits="1" number="4"/>
            <line hits="1" number="5"/>
          </lines>
        </class>
        <class branch-rate="0" complexity="0" filename="api/schema.py" line-rate="1" name="schema.py">
          <methods/>
          <lines>
            <line hits="1" number="3"/>
            <line hits="1" number="4"/>
            <line hits="1" number="6"/>
            <line hits="1" number="7"/>
            <line hits="1" number="8"/>
            <line hits="1" number="9"/>
            <line hits="1" number="11"/>
            <line hits="1" number="12"/>
            <line hits="1" number="13"/>
            <line hits="1" number="14"/>
            <line hits="1" number="17"/>
            <line hits="1" number="20"/>
            <line hits="1" number="23"/>
            <line hits="1" number="25"/>
            <line hits="1" number="28"/>
            <line hits="1" number="31"/>
            <line hits="1" number="34"/>
            <line hits="1" number="39"/>
          </lines>
        </class>
        <class branch-rate="0" complexity="0" filename="api/utils.py" line-rate="0.7333" name="utils.py">
          <methods/>
          <lines>
            <line hits="1" number="3"/>
            <line hits="1" number="4"/>
            <line hits="1" number="5"/>
            <line hits="1" number="6"/>
            <line hits="1" number="8"/>
            <line hits="1" number="11"/>
            <line hits="0" number="13"/>
            <line hits="0" number="16"/>
            <line hits="0" number="19"/>
            <line hits="1" number="22"/>
            <line hits="1" number="23"/>
            <line hits="1" number="24"/>
            <line hits="1" number="26"/>
            <line hits="1" number="28"/>
            <line hits="0" number="29"/>
          </lines>
        </class>
      </classes>
    </package>
    <package branch-rate="0" complexity="0" line-rate="0.7394" name="api.types">
      <classes>
        <class branch-rate="0" complexity="0" filename="api/types/__init__.py" line-rate="1" name="__init__.py">
          <methods/>
          <lines>
            <line hits="1" number="3"/>
            <line hits="1" number="4"/>
          </lines>
        </class>
        <class branch-rate="0" complexity="0" filename="api/types/analyzer.py" line-rate="0.8462" name="analyzer.py">
          <methods/>
          <lines>
            <line hits="1" number="3"/>
            <line hits="1" number="4"/>
            <line hits="1" number="5"/>
            <line hits="1" number="6"/>
            <line hits="1" number="9"/>
            <line hits="1" number="12"/>
            <line hits="1" number="13"/>
            <line hits="1" number="14"/>
            <line hits="1" number="17"/>
            <line hits="1" number="22"/>
            <line hits="1" number="30"/>
            <line hits="0" number="32"/>
            <line hits="0" number="34"/>
          </lines>
        </class>
        <class branch-rate="0" complexity="0" filename="api/types/coupon.py" line-rate="1" name="coupon.py">
          <methods/>
          <lines>
            <line hits="1" number="3"/>
            <line hits="1" number="4"/>
            <line hits="1" number="5"/>
            <line hits="1" number="8"/>
            <line hits="1" number="11"/>
            <line hits="1" number="12"/>
            <line hits="1" number="13"/>
          </lines>
        </class>
        <class branch-rate="0" complexity="0" filename="api/types/issue.py" line-rate="0.8974" name="issue.py">
          <methods/>
          <lines>
            <line hits="1" number="3"/>
            <line hits="1" number="4"/>
            <line hits="1" number="5"/>
            <line hits="1" number="6"/>
            <line hits="1" number="7"/>
            <line hits="1" number="8"/>
            <line hits="1" number="9"/>
            <line hits="1" number="11"/>
            <line hits="1" number="14"/>
            <line hits="1" number="17"/>
            <line hits="1" number="18"/>
            <line hits="1" number="19"/>
            <line hits="1" number="20"/>
            <line hits="1" number="21"/>
            <line hits="1" number="22"/>
            <line hits="1" number="24"/>
            <line hits="1" number="25"/>
            <line hits="1" number="26"/>
            <line hits="1" number="27"/>
            <line hits="1" number="28"/>
            <line hits="1" number="35"/>
            <line hits="1" number="38"/>
            <line hits="1" number="39"/>
            <line hits="1" number="40"/>
            <line hits="1" number="41"/>
            <line hits="1" number="42"/>
            <line hits="1" number="44"/>
            <line hits="0" number="46"/>
            <line hits="0" number="47"/>
            <line hits="0" number="48"/>
            <line hits="1" number="54"/>
            <line hits="1" number="55"/>
            <line hits="1" number="56"/>
            <line hits="1" number="57"/>
            <line hits="1" number="58"/>
            <line hits="1" number="63"/>
            <line hits="1" number="66"/>
            <line hits="1" number="74"/>
            <line hits="0" number="79"/>
          </lines>
        </class>
        <class branch-rate="0" complexity="0" filename="api/types/owner.py" line-rate="0.5962" name="owner.py">
          <methods/>
          <lines>
            <line hits="1" number="3"/>
            <line hits="1" number="4"/>
            <line hits="1" number="5"/>
            <line hits="1" number="6"/>
            <line hits="1" number="7"/>
            <line hits="1" number="8"/>
            <line hits="1" number="9"/>
            <line hits="1" number="11"/>
            <line hits="1" number="12"/>
            <line hits="1" number="15"/>
            <line hits="1" number="18"/>
            <line hits="1" number="19"/>
            <line hits="1" number="20"/>
            <line hits="1" number="21"/>
            <line hits="1" number="22"/>
            <line hits="1" number="23"/>
            <line hits="1" number="24"/>
            <line hits="1" number="25"/>
            <line hits="1" number="26"/>
            <line hits="1" number="28"/>
            <line hits="1" number="29"/>
            <line hits="1" number="30"/>
            <line hits="1" number="33"/>
            <line hits="1" number="38"/>
            <line hits="1" number="45"/>
            <line hits="0" number="51"/>
            <line hits="0" number="52"/>
            <line hits="0" number="54"/>
            <line hits="1" number="61"/>
            <line hits="1" number="64"/>
            <line hits="1" number="66"/>
            <line hits="1" number="69"/>
            <line hits="1" number="73"/>
            <line hits="1" number="75"/>
            <line hits="0" number="83"/>
            <line hits="0" number="85"/>
            <line hits="0" number="86"/>
            <line hits="0" number="88"/>
            <line hits="0" number="89"/>
            <line hits="0" number="90"/>
            <line hits="0" number="91"/>
            <line hits="0" number="95"/>
            <line hits="0" number="96"/>
            <line hits="0" number="97"/>
            <line hits="0" number="98"/>
            <line hits="0" number="103"/>
            <line hits="0" number="104"/>
            <line hits="0" number="109"/>
            <line hits="0" number="110"/>
            <line hits="0" number="111"/>
            <line hits="0" number="112"/>
            <line hits="0" number="113"/>
          </lines>
        </class>
        <class branch-rate="0" complexity="0" filename="api/types/repository.py" line-rate="0.6629" name="repository.py">
          <methods/>
          <lines>
            <line hits="1" number="3"/>
            <line hits="1" number="4"/>
            <line hits="1" number="5"/>
            <line hits="1" number="6"/>
            <line hits="1" number="7"/>
            <line hits="1" number="8"/>
            <line hits="1" number="9"/>
            <line hits="1" number="10"/>
            <line hits="1" number="11"/>
            <line hits="1" number="12"/>
            <line hits="1" number="14"/>
            <line hits="1" number="15"/>
            <line hits="1" number="16"/>
            <line hits="1" number="19"/>
            <line hits="1" number="20"/>
            <line hits="1" number="21"/>
            <line hits="1" number="22"/>
            <line hits="1" number="25"/>
            <line hits="1" number="28"/>
            <line hits="1" number="29"/>
            <line hits="1" number="30"/>
            <line hits="1" number="31"/>
            <line hits="1" number="32"/>
            <line hits="1" number="34"/>
            <line hits="1" number="39"/>
            <line hits="1" number="44"/>
            <line hits="0" number="51"/>
            <line hits="1" number="65"/>
            <line hits="0" number="67"/>
            <line hits="1" number="72"/>
            <line hits="1" number="73"/>
            <line hits="1" number="74"/>
            <line hits="1" number="75"/>
            <line hits="1" number="76"/>
            <line hits="1" number="83"/>
            <line hits="1" number="86"/>
            <line hits="1" number="91"/>
            <line hits="1" number="102"/>
            <line hits="1" number="110"/>
            <line hits="0" number="117"/>
            <line hits="0" number="118"/>
            <line hits="0" number="119"/>
            <line hits="0" number="121"/>
            <line hits="1" number="133"/>
            <line hits="0" number="135"/>
            <line hits="0" number="137"/>
            <line hits="0" number="140"/>
            <line hits="0" number="141"/>
            <line hits="0" number="143"/>
            <line hits="1" number="156"/>
            <line hits="1" number="159"/>
            <line hits="1" number="160"/>
            <line hits="1" number="163"/>
            <line hits="1" number="167"/>
            <line hits="1" number="169"/>
            <line hits="0" number="171"/>
            <line hits="0" number="172"/>
            <line hits="0" number="174"/>
            <line hits="0" number="175"/>
            <line hits="0" number="180"/>
            <line hits="0" number="181"/>
            <line hits="0" number="183"/>
            <line hits="0" number="185"/>
            <line hits="1" number="188"/>
            <line hits="1" number="191"/>
            <line hits="1" number="196"/>
            <line hits="1" number="199"/>
            <line hits="1" number="200"/>
            <line hits="1" number="203"/>
            <line hits="1" number="207"/>
            <line hits="1" number="209"/>
            <line hits="0" number="211"/>
            <line hits="0" number="212"/>
            <line hits="0" number="214"/>
            <line hits="0" number="215"/>
            <line hits="0" number="220"/>
            <line hits="0" number="221"/>
            <line hits="0" number="222"/>
            <line hits="0" number="224"/>
            <line hits="0" number="226"/>
            <line hits="0" number="227"/>
            <line hits="1" number="230"/>
            <line hits="1" number="235"/>
            <line hits="1" number="237"/>
            <line hits="1" number="242"/>
            <line hits="1" number="247"/>
            <line hits="1" number="252"/>
            <line hits="1" number="257"/>
            <line hits="0" number="259"/>
          </lines>
        </class>
        <class branch-rate="0" complexity="0" filename="api/types/run.py" line-rate="1" name="run.py">
          <methods/>
          <lines>
            <line hits="1" number="3"/>
            <line hits="1" number="4"/>
            <line hits="1" number="5"/>
            <line hits="1" number="6"/>
            <line hits="1" number="7"/>
            <line hits="1" number="10"/>
            <line hits="1" number="13"/>
            <line hits="1" number="15"/>
            <line hits="1" number="16"/>
            <line hits="1" number="18"/>
            <line hits="1" number="19"/>
            <line hits="1" number="20"/>
            <line hits="1" number="21"/>
            <line hits="1" number="22"/>
          </lines>
        </class>
        <class branch-rate="0" complexity="0" filename="api/types/support.py" line-rate="0.5294" name="support.py">
          <methods/>
          <lines>
            <line hits="1" number="3"/>
            <line hits="1" number="4"/>
            <line hits="1" number="5"/>
            <line hits="1" number="8"/>
            <line hits="1" number="11"/>
            <line hits="1" number="13"/>
            <line hits="1" number="17"/>
            <line hits="1" number="18"/>
            <line hits="1" number="20"/>
            <line hits="0" number="24"/>
            <line hits="0" number="26"/>
            <line hits="0" number="27"/>
            <line hits="0" number="28"/>
            <line hits="0" number="31"/>
            <line hits="0" number="32"/>
            <line hits="0" number="33"/>
            <line hits="0" number="35"/>
          </lines>
        </class>
        <class branch-rate="0" complexity="0" filename="api/types/team.py" line-rate="0.871" name="team.py">
          <methods/>
          <lines>
            <line hits="1" number="3"/>
            <line hits="1" number="4"/>
            <line hits="1" number="5"/>
            <line hits="1" number="6"/>
            <line hits="1" number="7"/>
            <line hits="1" number="8"/>
            <line hits="1" number="10"/>
            <line hits="1" number="11"/>
            <line hits="1" number="14"/>
            <line hits="1" number="17"/>
            <line hits="1" number="18"/>
            <line hits="1" number="19"/>
            <line hits="1" number="20"/>
            <line hits="1" number="21"/>
            <line hits="1" number="26"/>
            <line hits="1" number="29"/>
            <line hits="1" number="30"/>
            <line hits="1" number="31"/>
            <line hits="1" number="32"/>
            <line hits="1" number="34"/>
            <line hits="1" number="39"/>
            <line hits="0" number="40"/>
            <line hits="1" number="44"/>
            <line hits="1" number="45"/>
            <line hits="1" number="46"/>
            <line hits="1" number="49"/>
            <line hits="1" number="54"/>
            <line hits="1" number="61"/>
            <line hits="0" number="67"/>
            <line hits="0" number="68"/>
            <line hits="0" number="70"/>
          </lines>
        </class>
        <class branch-rate="0" complexity="0" filename="api/types/user.py" line-rate="0.75" name="user.py">
          <methods/>
          <lines>
            <line hits="1" number="3"/>
            <line hits="1" number="4"/>
            <line hits="1" number="5"/>
            <line hits="1" number="6"/>
            <line hits="1" number="7"/>
            <line hits="1" number="10"/>
            <line hits="1" number="13"/>
            <line hits="1" number="15"/>
            <line hits="0" number="16"/>
            <line hits="1" number="18"/>
            <line hits="1" number="19"/>
            <line hits="1" number="20"/>
            <line hits="1" number="21"/>
            <line hits="1" number="25"/>
            <line hits="1" number="28"/>
            <line hits="1" number="33"/>
            <line hits="0" number="35"/>
            <line hits="0" number="37"/>
            <line hits="0" number="38"/>
            <line hits="0" number="40"/>
          </lines>
        </class>
      </classes>
    </package>
    <package branch-rate="0" complexity="0" line-rate="0.8431" name="asgard">
      <classes>
        <class branch-rate="0" complexity="0" filename="asgard/__init__.py" line-rate="0.6471" name="__init__.py">
          <methods/>
          <lines>
            <line hits="1" number="6"/>
            <line hits="1" number="7"/>
            <line hits="1" number="8"/>
            <line hits="1" number="9"/>
            <line hits="1" number="11"/>
            <line hits="1" number="13"/>
            <line hits="0" number="14"/>
            <line hits="0" number="15"/>
            <line hits="1" number="17"/>
            <line hits="1" number="18"/>
            <line hits="1" number="25"/>
            <line hits="0" number="29"/>
            <line hits="0" number="30"/>
            <line hits="1" number="33"/>
            <line hits="0" number="37"/>
            <line hits="0" number="38"/>
            <line hits="1" number="41"/>
          </lines>
        </class>
        <class branch-rate="0" complexity="0" filename="asgard/celery.py" line-rate="0.9" name="celery.py">
          <methods/>
          <lines>
            <line hits="1" number="3"/>
            <line hits="1" number="5"/>
            <line hits="1" number="8"/>
            <line hits="1" number="10"/>
            <line hits="1" number="16"/>
            <line hits="1" number="20"/>
            <line hits="1" number="21"/>
            <line hits="1" number="24"/>
            <line hits="1" number="27"/>
            <line hits="0" number="29"/>
          </lines>
        </class>
        <class branch-rate="0" complexity="0" filename="asgard/urls.py" line-rate="0.95" name="urls.py">
          <methods/>
          <lines>
            <line hits="1" number="3"/>
            <line hits="1" number="4"/>
            <line hits="1" number="6"/>
            <line hits="1" number="7"/>
            <line hits="1" number="8"/>
            <line hits="1" number="9"/>
            <line hits="1" number="10"/>
            <line hits="1" number="11"/>
            <line hits="1" number="12"/>
            <line hits="1" number="13"/>
            <line hits="1" number="14"/>
            <line hits="1" number="16"/>
            <line hits="1" number="40"/>
            <line hits="0" number="41"/>
            <line hits="1" number="46"/>
            <line hits="1" number="47"/>
            <line hits="1" number="48"/>
            <line hits="1" number="49"/>
            <line hits="1" number="50"/>
            <line hits="1" number="51"/>
          </lines>
        </class>
        <class branch-rate="0" complexity="0" filename="asgard/wsgi.py" line-rate="1" name="wsgi.py">
          <methods/>
          <lines>
            <line hits="1" number="10"/>
            <line hits="1" number="12"/>
            <line hits="1" number="14"/>
            <line hits="1" number="16"/>
          </lines>
        </class>
      </classes>
    </package>
  </packages>
</coverage>

